2017-08-25 07:20:36 [INFORMACIÓN] [Multiverse-Core] - Version 2.4-b527 (API v14) Enabled - By Rigby, fernferret, lithium3141 and main--
2017-08-25 07:20:36 [INFORMACIÓN] [Multiverse-Core] Loading World & Settings - 'ServerHacks' - Env: NORMAL - Type: NORMAL & seed: 514369808869914202
2017-08-25 07:20:36 [ADVERTENCIA] [Multiverse-Core] Spawn location from world.dat file was unsafe. Adjusting...
2017-08-25 07:20:36 [ADVERTENCIA] [Multiverse-Core] Original Location: X: -192 Y: 64 Z: -116 P: 0 Y: 0 
2017-08-25 07:20:36 [INFORMACIÓN] [Multiverse-Core] New Spawn for 'ServerHacks' is Located at: ServerHacks:-194,50,61,00,-109,50:0,00:0,00
2017-08-25 07:20:37 [INFORMACIÓN] [Multiverse-Core] Loading World & Settings - 'ServerHacks_nether' - Env: NETHER - Type: NORMAL & seed: 514369808869914202
2017-08-25 07:20:37 [ADVERTENCIA] [Multiverse-Core] Spawn location from world.dat file was unsafe. Adjusting...
2017-08-25 07:20:37 [ADVERTENCIA] [Multiverse-Core] Original Location: X: 0 Y: 0 Z: 0 P: 0 Y: 0 
2017-08-25 07:20:37 [INFORMACIÓN] [Multiverse-Core] New Spawn for 'ServerHacks_nether' is Located at: ServerHacks_nether:0,00,93,00,0,00:0,00:0,00
2017-08-25 07:20:37 [INFORMACIÓN] [Multiverse-Core] Loading World & Settings - 'ServerHacks_the_end' - Env: THE_END - Type: NORMAL & seed: 514369808869914202
2017-08-25 07:20:37 [ADVERTENCIA] [Multiverse-Core] Spawn location from world.dat file was unsafe. Adjusting...
2017-08-25 07:20:37 [ADVERTENCIA] [Multiverse-Core] Original Location: X: 0 Y: 0 Z: 0 P: 0 Y: 0 
2017-08-25 07:20:37 [INFORMACIÓN] [Multiverse-Core] New Spawn for 'ServerHacks_the_end' is Located at: ServerHacks_the_end:0,00,61,00,0,00:0,00:0,00
2017-08-25 07:20:38 [INFORMACIÓN] [Multiverse-Core] Loading World & Settings - 'ServerHacks' - Env: NORMAL - Type: NORMAL & seed: 514369808869914202
2017-08-25 07:20:38 [INFORMACIÓN] [Multiverse-Core] Loading World & Settings - 'ServerHacks_nether' - Env: NETHER - Type: NORMAL & seed: 514369808869914202
2017-08-25 07:20:38 [INFORMACIÓN] [Multiverse-Core] Loading World & Settings - 'ServerHacks_the_end' - Env: THE_END - Type: NORMAL & seed: 514369808869914202
2017-08-25 07:20:38 [INFORMACIÓN] [Multiverse-Core] 3 - World(s) loaded.
2017-08-25 07:25:00 [INFORMACIÓN] [Multiverse-Core] - Version 2.4-b527 (API v14) Enabled - By Rigby, fernferret, lithium3141 and main--
2017-08-25 07:25:01 [INFORMACIÓN] [Multiverse-Core] Loading World & Settings - 'ServerHacks' - Env: NORMAL - Type: NORMAL & seed: 514369808869914202
2017-08-25 07:25:01 [INFORMACIÓN] [Multiverse-Core] Loading World & Settings - 'ServerHacks_nether' - Env: NETHER - Type: NORMAL & seed: 514369808869914202
2017-08-25 07:25:01 [INFORMACIÓN] [Multiverse-Core] Loading World & Settings - 'ServerHacks_the_end' - Env: THE_END - Type: NORMAL & seed: 514369808869914202
2017-08-25 07:25:01 [INFORMACIÓN] [Multiverse-Core] Loading World & Settings - 'MinePlanet' - Env: NORMAL - Type: NORMAL & seed: 514369808869914202
2017-08-25 07:25:22 [INFORMACIÓN] [Multiverse-Core] Loading World & Settings - 'MinePlanet_nether' - Env: NETHER - Type: NORMAL & seed: 514369808869914202
2017-08-25 07:25:31 [INFORMACIÓN] [Multiverse-Core] Loading World & Settings - 'MinePlanet_the_end' - Env: THE_END - Type: NORMAL & seed: 514369808869914202
2017-08-25 07:25:35 [INFORMACIÓN] [Multiverse-Core] Loading World & Settings - 'ServerHacks' - Env: NORMAL - Type: NORMAL & seed: 514369808869914202
2017-08-25 07:25:35 [INFORMACIÓN] [Multiverse-Core] Loading World & Settings - 'ServerHacks_nether' - Env: NETHER - Type: NORMAL & seed: 514369808869914202
2017-08-25 07:25:35 [INFORMACIÓN] [Multiverse-Core] Loading World & Settings - 'ServerHacks_the_end' - Env: THE_END - Type: NORMAL & seed: 514369808869914202
2017-08-25 07:25:35 [INFORMACIÓN] [Multiverse-Core] 6 - World(s) loaded.
2017-08-25 07:28:00 [INFORMACIÓN] [Multiverse-Core] - Version 2.4-b527 (API v14) Enabled - By Rigby, fernferret, lithium3141 and main--
2017-08-25 07:28:01 [INFORMACIÓN] [Multiverse-Core] Loading World & Settings - 'MinePlanet' - Env: NORMAL - Type: NORMAL & seed: 514369808869914202
2017-08-25 07:28:01 [INFORMACIÓN] [Multiverse-Core] Loading World & Settings - 'MinePlanet_nether' - Env: NETHER - Type: NORMAL & seed: 514369808869914202
2017-08-25 07:28:01 [INFORMACIÓN] [Multiverse-Core] Loading World & Settings - 'MinePlanet_the_end' - Env: THE_END - Type: NORMAL & seed: 514369808869914202
2017-08-25 07:28:01 [INFORMACIÓN] [Multiverse-Core] Loading World & Settings - 'ServerHacks' - Env: NORMAL - Type: NORMAL & seed: 514369808869914202
2017-08-25 07:28:25 [INFORMACIÓN] [Multiverse-Core] Loading World & Settings - 'ServerHacks_nether' - Env: NETHER - Type: NORMAL & seed: 514369808869914202
2017-08-25 07:28:34 [INFORMACIÓN] [Multiverse-Core] Loading World & Settings - 'ServerHacks_the_end' - Env: THE_END - Type: NORMAL & seed: 514369808869914202
2017-08-25 07:28:38 [INFORMACIÓN] [Multiverse-Core] 6 - World(s) loaded.
2017-08-25 07:38:10 [INFORMACIÓN] [Multiverse-Core] - Version 2.4-b527 (API v14) Enabled - By Rigby, fernferret, lithium3141 and main--
2017-08-25 07:38:10 [INFORMACIÓN] [Multiverse-Core] Loading World & Settings - 'MinePlanet' - Env: NORMAL - Type: NORMAL & seed: 514369808869914202
2017-08-25 07:38:10 [INFORMACIÓN] [Multiverse-Core] Loading World & Settings - 'MinePlanet_nether' - Env: NETHER - Type: NORMAL & seed: 514369808869914202
2017-08-25 07:38:10 [INFORMACIÓN] [Multiverse-Core] Loading World & Settings - 'MinePlanet_the_end' - Env: THE_END - Type: NORMAL & seed: 514369808869914202
2017-08-25 07:38:10 [INFORMACIÓN] [Multiverse-Core] Loading World & Settings - 'MinePlanet' - Env: NORMAL - Type: NORMAL & seed: 514369808869914202
2017-08-25 07:38:10 [INFORMACIÓN] [Multiverse-Core] Loading World & Settings - 'MinePlanet_nether' - Env: NETHER - Type: NORMAL & seed: 514369808869914202
2017-08-25 07:38:10 [INFORMACIÓN] [Multiverse-Core] Loading World & Settings - 'MinePlanet_the_end' - Env: THE_END - Type: NORMAL & seed: 514369808869914202
2017-08-25 07:38:10 [INFORMACIÓN] [Multiverse-Core] 3 - World(s) loaded.
2017-08-25 08:07:36 [INFORMACIÓN] [Multiverse-Core] - Version 2.4-b527 (API v14) Enabled - By Rigby, fernferret, lithium3141 and main--
2017-08-25 08:07:36 [INFORMACIÓN] [Multiverse-Core] Loading World & Settings - 'MinePlanet' - Env: NORMAL - Type: NORMAL & seed: 514369808869914202
2017-08-25 08:07:36 [INFORMACIÓN] [Multiverse-Core] Loading World & Settings - 'MinePlanet_nether' - Env: NETHER - Type: NORMAL & seed: 514369808869914202
2017-08-25 08:07:36 [INFORMACIÓN] [Multiverse-Core] Loading World & Settings - 'MinePlanet_the_end' - Env: THE_END - Type: NORMAL & seed: 514369808869914202
2017-08-25 08:07:36 [INFORMACIÓN] [Multiverse-Core] 3 - World(s) loaded.
